<?xml version="1.0" encoding="UTF-8"?>
<testsuite xmlns:xsi="http://www.w3.org/2001/XMLSchema-instance" xsi:noNamespaceSchemaLocation="https://maven.apache.org/surefire/maven-surefire-plugin/xsd/surefire-test-report-3.0.xsd" version="3.0" name="duoc.s3_d.controller.SaleControllerTest" time="3.101" tests="2" errors="0" skipped="0" failures="0">
  <properties>
[...]
</properties>
  <testcase name="testGetAllSales" classname="duoc.s3_d.controller.SaleControllerTest" time="0.386">
    <system-out><![CDATA[09:01:34.840 [main] INFO org.springframework.test.context.support.AnnotationConfigContextLoaderUtils -- Could not detect default configuration classes for test class [duoc.s3_d.controller.SaleControllerTest]: SaleControllerTest does not declare any static, non-private, non-final, nested classes annotated with @Configuration.
09:01:34.963 [main] INFO org.springframework.boot.test.context.SpringBootTestContextBootstrapper -- Found @SpringBootConfiguration duoc.s3_d.S3DApplication for test class duoc.s3_d.controller.SaleControllerTest
09:01:35.033 [main] INFO org.springframework.boot.devtools.restart.RestartApplicationListener -- Restart disabled due to context in which it is running

  .   ____          _            __ _ _
 /\\ / ___'_ __ _ _(_)_ __  __ _ \ \ \ \
( ( )\___ | '_ | '_| | '_ \/ _` | \ \ \ \
 \\/  ___)| |_)| | | | | || (_| |  ) ) ) )
  '  |____| .__|_| |_|_| |_\__, | / / / /
 =========|_|==============|___/=/_/_/_/
 :: Spring Boot ::                (v3.2.4)

2024-04-29T09:01:35.268-04:00  INFO 23376 --- [s3_d] [           main] d.s3_d.controller.SaleControllerTest     : Starting SaleControllerTest using Java 21.0.2 with PID 23376 (started by Gamer in C:\Users\Gamer\Desktop\duoc\s3\s3_d)
2024-04-29T09:01:35.269-04:00  INFO 23376 --- [s3_d] [           main] d.s3_d.controller.SaleControllerTest     : No active profile set, falling back to 1 default profile: "default"
2024-04-29T09:01:37.331-04:00  INFO 23376 --- [s3_d] [           main] o.s.b.t.m.w.SpringBootMockServletContext : Initializing Spring TestDispatcherServlet ''
2024-04-29T09:01:37.331-04:00  INFO 23376 --- [s3_d] [           main] o.s.t.web.servlet.TestDispatcherServlet  : Initializing Servlet ''
2024-04-29T09:01:37.334-04:00  INFO 23376 --- [s3_d] [           main] o.s.t.web.servlet.TestDispatcherServlet  : Completed initialization in 2 ms
2024-04-29T09:01:37.366-04:00  INFO 23376 --- [s3_d] [           main] d.s3_d.controller.SaleControllerTest     : Started SaleControllerTest in 2.342 seconds (process running for 3.133)
2024-04-29T09:01:37.539-04:00  INFO 23376 --- [s3_d] [           main] duoc.s3_d.controller.SaleController      : GET /sales
]]></system-out>
    <system-err><![CDATA[WARNING: A Java agent has been loaded dynamically (C:\Users\Gamer\.m2\repository\net\bytebuddy\byte-buddy-agent\1.14.12\byte-buddy-agent-1.14.12.jar)
WARNING: If a serviceability tool is in use, please run with -XX:+EnableDynamicAgentLoading to hide this warning
WARNING: If a serviceability tool is not in use, please run with -Djdk.instrument.traceUsage for more information
WARNING: Dynamic loading of agents will be disallowed by default in a future release
]]></system-err>
  </testcase>
  <testcase name="deleteSaleTest" classname="duoc.s3_d.controller.SaleControllerTest" time="0.012">
    <system-out><![CDATA[2024-04-29T09:01:37.776-04:00  INFO 23376 --- [s3_d] [           main] duoc.s3_d.controller.SaleController      : No se encontro el registro 1123
]]></system-out>
  </testcase>
</testsuite>