<?xml version="1.0" encoding="UTF-8"?>
<testsuite xmlns:xsi="http://www.w3.org/2001/XMLSchema-instance" xsi:noNamespaceSchemaLocation="https://maven.apache.org/surefire/maven-surefire-plugin/xsd/surefire-test-report-3.0.xsd" version="3.0" name="duoc.s3_d.S3DApplicationTests" time="22.761" tests="1" errors="0" skipped="0" failures="0">
  <properties>
[...]
</properties>
  <testcase name="contextLoads" classname="duoc.s3_d.S3DApplicationTests" time="0.008">
    <system-out><![CDATA[2024-04-29T09:01:41.231-04:00  INFO 23376 --- [s3_d] [           main] t.c.s.AnnotationConfigContextLoaderUtils : Could not detect default configuration classes for test class [duoc.s3_d.S3DApplicationTests]: S3DApplicationTests does not declare any static, non-private, non-final, nested classes annotated with @Configuration.
2024-04-29T09:01:41.237-04:00  INFO 23376 --- [s3_d] [           main] .b.t.c.SpringBootTestContextBootstrapper : Found @SpringBootConfiguration duoc.s3_d.S3DApplication for test class duoc.s3_d.S3DApplicationTests
2024-04-29T09:01:41.241-04:00  INFO 23376 --- [s3_d] [           main] o.s.b.d.r.RestartApplicationListener     : Restart disabled due to context in which it is running

  .   ____          _            __ _ _
 /\\ / ___'_ __ _ _(_)_ __  __ _ \ \ \ \
( ( )\___ | '_ | '_| | '_ \/ _` | \ \ \ \
 \\/  ___)| |_)| | | | | || (_| |  ) ) ) )
  '  |____| .__|_| |_|_| |_\__, | / / / /
 =========|_|==============|___/=/_/_/_/
 :: Spring Boot ::                (v3.2.4)

2024-04-29T09:01:41.257-04:00  INFO 23376 --- [s3_d] [           main] duoc.s3_d.S3DApplicationTests            : Starting S3DApplicationTests using Java 21.0.2 with PID 23376 (started by Gamer in C:\Users\Gamer\Desktop\duoc\s3\s3_d)
2024-04-29T09:01:41.258-04:00  INFO 23376 --- [s3_d] [           main] duoc.s3_d.S3DApplicationTests            : No active profile set, falling back to 1 default profile: "default"
2024-04-29T09:01:41.596-04:00  INFO 23376 --- [s3_d] [           main] .s.d.r.c.RepositoryConfigurationDelegate : Bootstrapping Spring Data JPA repositories in DEFAULT mode.
2024-04-29T09:01:41.603-04:00  INFO 23376 --- [s3_d] [           main] .s.d.r.c.RepositoryConfigurationDelegate : Finished Spring Data repository scanning in 7 ms. Found 3 JPA repository interfaces.
2024-04-29T09:01:41.875-04:00  INFO 23376 --- [s3_d] [           main] o.hibernate.jpa.internal.util.LogHelper  : HHH000204: Processing PersistenceUnitInfo [name: default]
2024-04-29T09:01:41.877-04:00  INFO 23376 --- [s3_d] [           main] o.h.c.internal.RegionFactoryInitiator    : HHH000026: Second-level cache disabled
2024-04-29T09:01:41.881-04:00  INFO 23376 --- [s3_d] [           main] o.s.o.j.p.SpringPersistenceUnitInfo      : No LoadTimeWeaver setup: ignoring JPA class transformer
2024-04-29T09:01:41.881-04:00  INFO 23376 --- [s3_d] [           main] com.zaxxer.hikari.HikariDataSource       : HikariPool-2 - Starting...
2024-04-29T09:01:41.882-04:00  WARN 23376 --- [s3_d] [           main] c.zaxxer.hikari.util.DriverDataSource    : Registered driver with driverClassName=oracle.jdbc.driver.OracleDriver was not found, trying direct instantiation.
2024-04-29T09:01:42.098-04:00  INFO 23376 --- [s3_d] [           main] com.zaxxer.hikari.pool.HikariPool        : HikariPool-2 - Added connection oracle.jdbc.driver.T4CConnection@1b6dab22
2024-04-29T09:01:42.098-04:00  INFO 23376 --- [s3_d] [           main] com.zaxxer.hikari.HikariDataSource       : HikariPool-2 - Start completed.
2024-04-29T09:01:42.170-04:00  INFO 23376 --- [s3_d] [           main] o.h.e.t.j.p.i.JtaPlatformInitiator       : HHH000489: No JTA platform available (set 'hibernate.transaction.jta.platform' to enable JTA platform integration)
2024-04-29T09:01:42.349-04:00  INFO 23376 --- [s3_d] [           main] j.LocalContainerEntityManagerFactoryBean : Initialized JPA EntityManagerFactory for persistence unit 'default'
2024-04-29T09:02:03.480-04:00  WARN 23376 --- [s3_d] [           main] JpaBaseConfiguration$JpaWebConfiguration : spring.jpa.open-in-view is enabled by default. Therefore, database queries may be performed during view rendering. Explicitly configure spring.jpa.open-in-view to disable this warning
2024-04-29T09:02:03.904-04:00  INFO 23376 --- [s3_d] [           main] o.s.b.a.e.web.EndpointLinksResolver      : Exposing 1 endpoint(s) beneath base path '/actuator'
2024-04-29T09:02:03.975-04:00  INFO 23376 --- [s3_d] [           main] duoc.s3_d.S3DApplicationTests            : Started S3DApplicationTests in 22.734 seconds (process running for 29.742)
]]></system-out>
  </testcase>
</testsuite>